[35m[Appium][39m Welcome to Appium v1.22.3
[35m[Appium][39m Non-default server args:
[35m[Appium][39m   port: 52673
[35m[Appium][39m   loglevel: info
[35m[Appium][39m   tmpDir: /var/folders/08/qb53wnd15kqgs8zr4ld7181c0000gn/T//Katalon/Appium/Temp1693405761964
[35m[Appium][39m   chromedriverPort: 52674
[35m[Appium][39m Deprecated server args:
[35m[Appium][39m   [31m--chromedriver-port[39m => --default-capabilities
[35m[Appium][39m Default capabilities, which will be added to each request unless overridden by desired capabilities:
[35m[Appium][39m   chromedriverPort: 52674
[35m[Appium][39m Appium REST http interface listener started on 0.0.0.0:52673
[35m[HTTP][39m [37m-->[39m [37mGET[39m [37m/wd/hub/status[39m
[35m[HTTP][39m [90m{}[39m
[35m[HTTP][39m [37m<-- GET /wd/hub/status [39m[32m200[39m [90m3 ms - 68[39m
[35m[HTTP][39m [90m[39m
[35m[HTTP][39m [37m-->[39m [37mGET[39m [37m/wd/hub/status[39m
[35m[HTTP][39m [90m{}[39m
[35m[HTTP][39m [37m<-- GET /wd/hub/status [39m[32m200[39m [90m1 ms - 68[39m
[35m[HTTP][39m [90m[39m
[35m[HTTP][39m [37m-->[39m [37mPOST[39m [37m/wd/hub/session[39m
[35m[HTTP][39m [90m{"desiredCapabilities":{"appActivity":".Settings","appPackage":"com.android.settings","newCommandTimeout":1800,"platformVersion":"13","automationName":"uiautomator2","autoGrantPermissions":true,"platformName":"Android","udid":"10DCA704Q50006C","deviceName":"vivo V2201 (Android 13)","platform":"ANDROID","systemPort":8246},"capabilities":{"firstMatch":[{"appium:appActivity":".Settings","appium:appPackage":"com.android.settings","appium:autoGrantPermissions":true,"appium:automationName":"uiautomator2","appium:deviceName":"vivo V2201 (Android 13)","appium:newCommandTimeout":1800,"platform":"ANDROID","platformName":"android","appium:platformVersion":"13","appium:systemPort":8246,"appium:udid":"10DCA704Q50006C"}]}}[39m
[35m[BaseDriver][39m The following capabilities are not standard capabilities and should have an extension prefix:
[35m[BaseDriver][39m   platform
[35m[BaseDriver][39m   chromedriverPort
[35m[Appium][39m Appium v1.22.3 creating new AndroidUiautomator2Driver (v1.70.1) session
[35m[BaseDriver][39m The following capabilities were provided, but are not recognized by Appium:
[35m[BaseDriver][39m   platform
[35m[BaseDriver][39m Session created with session id: d27e4257-aa35-48fa-b755-7df702a16094
[35m[UiAutomator2][39m Starting 'com.android.settings' directly on the device
[35m[ADB][39m Found 1 'build-tools' folders under '/Users/santitri1205/.katalon/tools/android_sdk' (newest first):
[35m[ADB][39m     /Users/santitri1205/.katalon/tools/android_sdk/build-tools/29.0.3
[35m[ADB][39m Using 'adb' from '/Users/santitri1205/.katalon/tools/android_sdk/platform-tools/adb'
[35m[AndroidDriver][39m Retrieving device list
[35m[AndroidDriver][39m Using device: 10DCA704Q50006C
[35m[ADB][39m Using 'adb' from '/Users/santitri1205/.katalon/tools/android_sdk/platform-tools/adb'
[35m[ADB][39m Getting device platform version
[35m[UiAutomator2][39m Relaxing hidden api policy
[35m[AndroidDriver][39m No app sent in, not parsing package/activity
[35m[ADB][39m Using 'apksigner.jar' from '/Users/santitri1205/.katalon/tools/android_sdk/build-tools/29.0.3/lib/apksigner.jar'
[35m[ADB][39m '/opt/homebrew/lib/node_modules/appium/node_modules/appium-uiautomator2-server/apks/appium-uiautomator2-server-v4.27.0.apk' is signed with the default certificate
[35m[ADB][39m '/opt/homebrew/lib/node_modules/appium/node_modules/appium-uiautomator2-server/apks/appium-uiautomator2-server-debug-androidTest.apk' is signed with the default certificate
[35m[UiAutomator2][39m Server packages are not going to be (re)installed
[35m[ADB][39m Adding packages ["io.appium.settings","io.appium.uiautomator2.server","io.appium.uiautomator2.server.test"] to Doze whitelist
[35m[UiAutomator2][39m Starting UIAutomator2 server 4.27.0
[35m[UiAutomator2][39m Using UIAutomator2 server from '/opt/homebrew/lib/node_modules/appium/node_modules/appium-uiautomator2-server/apks/appium-uiautomator2-server-v4.27.0.apk' and test from '/opt/homebrew/lib/node_modules/appium/node_modules/appium-uiautomator2-server/apks/appium-uiautomator2-server-debug-androidTest.apk'
[35m[UiAutomator2][39m Waiting up to 30000ms for UiAutomator2 to be online...
[35m[WD Proxy][39m socket hang up
[35m[WD Proxy][39m socket hang up
[35m[WD Proxy][39m Determined the downstream protocol as 'W3C'
[35m[AndroidDriver][39m Screen already unlocked, doing nothing
[35m[UiAutomator2][39m Starting 'com.android.settings/.Settings and waiting for 'com.android.settings/.Settings'
[35m[Appium][39m New AndroidUiautomator2Driver session created successfully, session d27e4257-aa35-48fa-b755-7df702a16094 added to master session list
[35m[HTTP][39m [37m<-- POST /wd/hub/session [39m[32m200[39m [90m8985 ms - 1161[39m
[35m[HTTP][39m [90m[39m
[35m[HTTP][39m [37m-->[39m [37mGET[39m [37m/wd/hub/session/d27e4257-aa35-48fa-b755-7df702a16094[39m
[35m[HTTP][39m [90m{}[39m
[35m[HTTP][39m [37m<-- GET /wd/hub/session/d27e4257-aa35-48fa-b755-7df702a16094 [39m[32m200[39m [90m7 ms - 1115[39m
[35m[HTTP][39m [90m[39m
[35m[HTTP][39m [37m-->[39m [37mGET[39m [37m/wd/hub/session/d27e4257-aa35-48fa-b755-7df702a16094[39m
[35m[HTTP][39m [90m{}[39m
[35m[HTTP][39m [37m<-- GET /wd/hub/session/d27e4257-aa35-48fa-b755-7df702a16094 [39m[32m200[39m [90m12 ms - 1115[39m
[35m[HTTP][39m [90m[39m
[35m[HTTP][39m [37m-->[39m [37mGET[39m [37m/wd/hub/status[39m
[35m[HTTP][39m [90m{}[39m
[35m[HTTP][39m [37m<-- GET /wd/hub/status [39m[32m200[39m [90m0 ms - 68[39m
[35m[HTTP][39m [90m[39m
[35m[HTTP][39m [37m-->[39m [37mPOST[39m [37m/wd/hub/session/d27e4257-aa35-48fa-b755-7df702a16094/timeouts[39m
[35m[HTTP][39m [90m{"implicit":60000}[39m
[35m[HTTP][39m [37m<-- POST /wd/hub/session/d27e4257-aa35-48fa-b755-7df702a16094/timeouts [39m[32m200[39m [90m1 ms - 14[39m
[35m[HTTP][39m [90m[39m
[35m[HTTP][39m [37m-->[39m [37mGET[39m [37m/wd/hub/session/d27e4257-aa35-48fa-b755-7df702a16094/screenshot[39m
[35m[HTTP][39m [90m{}[39m
[35m[HTTP][39m [37m<-- GET /wd/hub/session/d27e4257-aa35-48fa-b755-7df702a16094/screenshot [39m[32m200[39m [90m476 ms - 232440[39m
[35m[HTTP][39m [90m[39m
[35m[HTTP][39m [37m-->[39m [37mGET[39m [37m/wd/hub/session/d27e4257-aa35-48fa-b755-7df702a16094/window/rect[39m
[35m[HTTP][39m [90m{}[39m
[35m[HTTP][39m [37m<-- GET /wd/hub/session/d27e4257-aa35-48fa-b755-7df702a16094/window/rect [39m[32m200[39m [90m11 ms - 50[39m
[35m[HTTP][39m [90m[39m
[35m[HTTP][39m [37m-->[39m [37mGET[39m [37m/wd/hub/session/d27e4257-aa35-48fa-b755-7df702a16094/appium/device/system_bars[39m
[35m[HTTP][39m [90m{}[39m
[35m[HTTP][39m [37m<-- GET /wd/hub/session/d27e4257-aa35-48fa-b755-7df702a16094/appium/device/system_bars [39m[32m200[39m [90m108 ms - 145[39m
[35m[HTTP][39m [90m[39m
[35m[HTTP][39m [37m-->[39m [37mPOST[39m [37m/wd/hub/session/d27e4257-aa35-48fa-b755-7df702a16094/appium/device/activate_app[39m
[35m[HTTP][39m [90m{"bundleId":"com.solodroid.solomerce"}[39m
[35m[HTTP][39m [37m<-- POST /wd/hub/session/d27e4257-aa35-48fa-b755-7df702a16094/appium/device/activate_app [39m[32m200[39m [90m424 ms - 14[39m
[35m[HTTP][39m [90m[39m
[35m[HTTP][39m [37m-->[39m [37mGET[39m [37m/wd/hub/session/d27e4257-aa35-48fa-b755-7df702a16094/source[39m
[35m[HTTP][39m [90m{}[39m
[35m[W3C (d27e4257)][39m Driver proxy active, passing request on via HTTP proxy
[35m[WD Proxy][39m Replacing sessionId 8c148643-4d9c-49a2-bd9f-d6436b86000e with d27e4257-aa35-48fa-b755-7df702a16094
[35m[HTTP][39m [37m<-- GET /wd/hub/session/d27e4257-aa35-48fa-b755-7df702a16094/source [39m[32m200[39m [90m1202 ms - 34531[39m
[35m[HTTP][39m [90m[39m
[35m[HTTP][39m [37m-->[39m [37mGET[39m [37m/wd/hub/session/d27e4257-aa35-48fa-b755-7df702a16094/screenshot[39m
[35m[HTTP][39m [90m{}[39m
[35m[HTTP][39m [37m<-- GET /wd/hub/session/d27e4257-aa35-48fa-b755-7df702a16094/screenshot [39m[32m200[39m [90m1246 ms - 1929576[39m
[35m[HTTP][39m [90m[39m
[35m[HTTP][39m [37m-->[39m [37mGET[39m [37m/wd/hub/session/d27e4257-aa35-48fa-b755-7df702a16094/source[39m
[35m[HTTP][39m [90m{}[39m
[35m[W3C (d27e4257)][39m Driver proxy active, passing request on via HTTP proxy
[35m[WD Proxy][39m Replacing sessionId 8c148643-4d9c-49a2-bd9f-d6436b86000e with d27e4257-aa35-48fa-b755-7df702a16094
[35m[HTTP][39m [37m<-- GET /wd/hub/session/d27e4257-aa35-48fa-b755-7df702a16094/source [39m[32m200[39m [90m131 ms - 25288[39m
[35m[HTTP][39m [90m[39m
[35m[HTTP][39m [37m-->[39m [37mGET[39m [37m/wd/hub/session/d27e4257-aa35-48fa-b755-7df702a16094/screenshot[39m
[35m[HTTP][39m [90m{}[39m
[35m[HTTP][39m [37m<-- GET /wd/hub/session/d27e4257-aa35-48fa-b755-7df702a16094/screenshot [39m[32m200[39m [90m747 ms - 740910[39m
[35m[HTTP][39m [90m[39m
[35m[HTTP][39m [37m-->[39m [37mPOST[39m [37m/wd/hub/session/d27e4257-aa35-48fa-b755-7df702a16094/elements[39m
[35m[HTTP][39m [90m{"using":"xpath","value":"//*[@class = 'android.widget.ImageButton' and (@text = '' or . = '')]"}[39m
[35m[HTTP][39m [37m<-- POST /wd/hub/session/d27e4257-aa35-48fa-b755-7df702a16094/elements [39m[32m200[39m [90m349 ms - 267[39m
[35m[HTTP][39m [90m[39m
[35m[HTTP][39m [37m-->[39m [37mPOST[39m [37m/wd/hub/session/d27e4257-aa35-48fa-b755-7df702a16094/elements[39m
[35m[HTTP][39m [90m{"using":"accessibility id","value":"Collapse"}[39m
[35m[HTTP][39m [37m<-- POST /wd/hub/session/d27e4257-aa35-48fa-b755-7df702a16094/elements [39m[32m200[39m [90m70 ms - 139[39m
[35m[HTTP][39m [90m[39m
[35m[HTTP][39m [37m-->[39m [37mDELETE[39m [37m/wd/hub/session/d27e4257-aa35-48fa-b755-7df702a16094[39m
[35m[HTTP][39m [90m{}[39m
[35m[Appium][39m Removing session d27e4257-aa35-48fa-b755-7df702a16094 from our master session list
[35m[UiAutomator2][39m Restoring hidden api policy to the device default configuration
[35m[HTTP][39m [37m<-- DELETE /wd/hub/session/d27e4257-aa35-48fa-b755-7df702a16094 [39m[32m200[39m [90m400 ms - 14[39m
[35m[HTTP][39m [90m[39m
